/*C17*/SET SCHEMA PUBLIC
DISCONNECT
/*C18*/SET SCHEMA PUBLIC
DISCONNECT
/*C19*/SET SCHEMA PUBLIC
DISCONNECT
/*C20*/SET SCHEMA PUBLIC
DISCONNECT
/*C21*/SET SCHEMA PUBLIC
INSERT INTO TRANSACTION VALUES(13,'2013-11-25','19:12:08',1.50000000000000000000000000000000)
DELETE FROM STOCKITEM WHERE ID=100
INSERT INTO STOCKITEM VALUES(100,'test 4',1.50000000000000000000000000000000,9,'for StockTableModel testing purposes')
COMMIT
INSERT INTO SOLDITEM VALUES(10,13,100,'test 4',1,1.50000000000000000000000000000000)
COMMIT
DISCONNECT
/*C22*/SET SCHEMA PUBLIC
DISCONNECT
/*C23*/SET SCHEMA PUBLIC
DISCONNECT
/*C24*/SET SCHEMA PUBLIC
INSERT INTO TRANSACTION VALUES(14,'2013-11-25','19:41:03',1.50000000000000000000000000000000)
COMMIT
DELETE FROM SOLDITEM WHERE ID=10
INSERT INTO SOLDITEM VALUES(10,14,100,'test 4',1,1.50000000000000000000000000000000)
COMMIT
INSERT INTO SOLDITEM VALUES(11,14,101,'test4',0,30.00000000000000000000000000000000)
COMMIT
INSERT INTO TRANSACTION VALUES(15,'2013-11-25','19:41:18',1.50000000000000000000000000000000)
DELETE FROM STOCKITEM WHERE ID=100
INSERT INTO STOCKITEM VALUES(100,'test 4',1.50000000000000000000000000000000,8,'for StockTableModel testing purposes')
COMMIT
INSERT INTO SOLDITEM VALUES(12,15,100,'test 4',1,1.50000000000000000000000000000000)
COMMIT
INSERT INTO TRANSACTION VALUES(16,'2013-11-25','19:42:04',0.00000000000000000000000000000000)
COMMIT
INSERT INTO SOLDITEM VALUES(13,16,700,'test 5',0,1.50000000000000000000000000000000)
COMMIT
DISCONNECT
/*C25*/SET SCHEMA PUBLIC
DISCONNECT
/*C26*/SET SCHEMA PUBLIC
DISCONNECT
/*C27*/SET SCHEMA PUBLIC
DISCONNECT
/*C28*/SET SCHEMA PUBLIC
DISCONNECT
/*C29*/SET SCHEMA PUBLIC
DISCONNECT
/*C30*/SET SCHEMA PUBLIC
DISCONNECT
/*C31*/SET SCHEMA PUBLIC
DISCONNECT
/*C32*/SET SCHEMA PUBLIC
DISCONNECT
/*C33*/SET SCHEMA PUBLIC
DISCONNECT
/*C34*/SET SCHEMA PUBLIC
DISCONNECT
/*C35*/SET SCHEMA PUBLIC
DISCONNECT
/*C36*/SET SCHEMA PUBLIC
DISCONNECT
